<?xml version="1.0" encoding="UTF-8"?>
<testng-results total="1" passed="1" failed="0" skipped="0">
  <reporter-output>
  </reporter-output>
  <suite started-at="2022-09-19T05:30:04Z" name="Surefire suite" finished-at="2022-09-19T05:30:26Z" duration-ms="22778">
    <groups>
    </groups>
    <test started-at="2022-09-19T05:30:04Z" name="Surefire test" finished-at="2022-09-19T05:30:26Z" duration-ms="22778">
      <class name="testpackage.TestClass">
        <test-method is-config="true" signature="chromelaunch()[pri:0, instance:testpackage.TestClass@63475ace]" started-at="2022-09-19T11:00:04Z" name="chromelaunch" finished-at="2022-09-19T11:00:19Z" duration-ms="15004" status="PASS">
          <reporter-output>
          </reporter-output>
        </test-method> <!-- chromelaunch -->
        <test-method signature="homepage_keysenter(java.lang.String, java.lang.String)[pri:1, instance:testpackage.TestClass@63475ace]" started-at="2022-09-19T11:00:21Z" name="homepage_keysenter" description="TestCheck" data-provider="sampledata" finished-at="2022-09-19T11:00:22Z" duration-ms="375" status="PASS">
          <params>
            <param index="0">
              <value>
                <![CDATA[kabilan]]>
              </value>
            </param>
            <param index="1">
              <value>
                <![CDATA[12345.0]]>
              </value>
            </param>
          </params>
          <reporter-output>
          </reporter-output>
        </test-method> <!-- homepage_keysenter -->
        <test-method is-config="true" signature="getResult(org.testng.ITestResult)[pri:0, instance:testpackage.TestClass@63475ace]" started-at="2022-09-19T11:00:22Z" name="getResult" finished-at="2022-09-19T11:00:22Z" duration-ms="332" status="PASS">
          <params>
            <param index="0">
              <value>
                <![CDATA[[TestResult name=homepage_keysenter status=SUCCESS method=TestClass.homepage_keysenter(java.lang.String, java.lang.String)[pri:1, instance:testpackage.TestClass@63475ace] output={null}]]]>
              </value>
            </param>
          </params>
          <reporter-output>
          </reporter-output>
        </test-method> <!-- getResult -->
        <test-method is-config="true" signature="driverclose()[pri:0, instance:testpackage.TestClass@63475ace]" started-at="2022-09-19T11:00:22Z" name="driverclose" finished-at="2022-09-19T11:00:26Z" duration-ms="4123" status="PASS">
          <reporter-output>
          </reporter-output>
        </test-method> <!-- driverclose -->
      </class> <!-- testpackage.TestClass -->
    </test> <!-- Surefire test -->
  </suite> <!-- Surefire suite -->
</testng-results>
