<?xml version="1.0" encoding="UTF-8"?>
<testng-results ignored="0" total="1" passed="1" failed="0" skipped="0">
  <reporter-output>
  </reporter-output>
  <suite started-at="2022-09-15T11:13:51 IST" name="Default suite" finished-at="2022-09-15T11:14:05 IST" duration-ms="14357">
    <groups>
    </groups>
    <test started-at="2022-09-15T11:13:51 IST" name="Default test" finished-at="2022-09-15T11:14:05 IST" duration-ms="14357">
      <class name="testpackage.TestClass">
        <test-method is-config="true" signature="chromelaunch()[pri:0, instance:testpackage.TestClass@79207381]" started-at="2022-09-15T11:13:51 IST" name="chromelaunch" finished-at="2022-09-15T11:14:01 IST" duration-ms="9892" status="PASS">
          <reporter-output>
          </reporter-output>
        </test-method> <!-- chromelaunch -->
        <test-method signature="homepage_keysenter(java.lang.String,java.lang.String)[pri:1, instance:testpackage.TestClass@79207381]" started-at="2022-09-15T11:14:02 IST" name="homepage_keysenter" description="TestCheck" data-provider="sampledata" finished-at="2022-09-15T11:14:02 IST" duration-ms="372" status="PASS">
          <params>
            <param index="0">
              <value>
                <![CDATA[kabilan]]>
              </value>
            </param>
            <param index="1">
              <value>
                <![CDATA[12345.0]]>
              </value>
            </param>
          </params>
          <reporter-output>
          </reporter-output>
        </test-method> <!-- homepage_keysenter -->
        <test-method is-config="true" signature="getResult(org.testng.ITestResult)[pri:0, instance:testpackage.TestClass@79207381]" started-at="2022-09-15T11:14:02 IST" name="getResult" finished-at="2022-09-15T11:14:02 IST" duration-ms="325" status="PASS">
          <params>
            <param index="0">
              <value>
                <![CDATA[[TestResult name=homepage_keysenter status=SUCCESS method=TestClass.homepage_keysenter(java.lang.String,java.lang.String)[pri:1, instance:testpackage.TestClass@79207381] output={null}]]]>
              </value>
            </param>
          </params>
          <reporter-output>
          </reporter-output>
        </test-method> <!-- getResult -->
        <test-method is-config="true" signature="driverclose()[pri:0, instance:testpackage.TestClass@79207381]" started-at="2022-09-15T11:14:02 IST" name="driverclose" finished-at="2022-09-15T11:14:05 IST" duration-ms="2874" status="PASS">
          <reporter-output>
          </reporter-output>
        </test-method> <!-- driverclose -->
      </class> <!-- testpackage.TestClass -->
    </test> <!-- Default test -->
  </suite> <!-- Default suite -->
</testng-results>
